<?xml version="1.0" encoding="UTF-8"?>
<!-- Generated by org.testng.reporters.JUnitReportReporter -->
<testsuite skipped="0" hostname="DESKTOP-S1DQQ82" name="Assignment.ABC" tests="1" failures="0" timestamp="07 Jun 2018 10:04:30 GMT" time="2.235" errors="0">
  <testcase name="Button1" time="2.235" classname="Assignment.ABC"/>
</testsuite> <!-- Assignment.ABC -->
